<?xml version="1.0" encoding="UTF-8"?>
<coverage generated="1693407543565" clover="3.2.0">
  <project timestamp="1693407543565" name="All files">
    <metrics statements="8" coveredstatements="6" conditionals="2" coveredconditionals="1" methods="1" coveredmethods="1" elements="11" coveredelements="8" complexity="0" loc="8" ncloc="8" packages="1" files="1" classes="1"/>
    <file name="async.js" path="C:\projects\jest-basic\src\async.js">
      <metrics statements="8" coveredstatements="6" conditionals="2" coveredconditionals="1" methods="1" coveredmethods="1"/>
      <line num="1" count="1" type="cond" truecount="1" falsecount="0"/>
      <line num="2" count="5" type="cond" truecount="0" falsecount="1"/>
      <line num="3" count="0" type="stmt"/>
      <line num="4" count="0" type="stmt"/>
      <line num="5" count="5" type="stmt"/>
      <line num="6" count="5" type="stmt"/>
      <line num="7" count="1" type="stmt"/>
      <line num="8" count="1" type="stmt"/>
    </file>
  </project>
</coverage>
