TN:
SF:src\stack\stack.js
FN:2,Stack
FN:6,size
FN:10,push
FN:14,pop
FN:22,peek
FNF:5
FNH:5
FNDA:6,Stack
FNDA:5,size
FNDA:5,push
FNDA:3,pop
FNDA:1,peek
DA:1,1
DA:2,1
DA:3,6
DA:4,6
DA:5,1
DA:6,1
DA:7,5
DA:8,5
DA:9,1
DA:10,1
DA:11,5
DA:12,5
DA:13,1
DA:14,1
DA:15,3
DA:16,2
DA:17,2
DA:18,1
DA:19,1
DA:20,1
DA:21,1
DA:22,1
DA:23,1
DA:24,0
DA:25,0
DA:26,1
DA:27,1
DA:28,1
DA:29,1
DA:30,1
LF:30
LH:28
BRDA:2,0,0,6
BRDA:6,1,0,5
BRDA:10,2,0,5
BRDA:14,3,0,3
BRDA:15,4,0,2
BRDA:17,5,0,1
BRDA:22,6,0,1
BRDA:23,7,0,0
BRF:8
BRH:7
end_of_record
