TN:
SF:src\stack\stack.js
FN:2,Stack
FN:7,size
FN:11,push
FN:20,pop
FN:30,peek
FNF:5
FNH:5
FNDA:6,Stack
FNDA:4,size
FNDA:5,push
FNDA:3,pop
FNDA:1,peek
DA:1,1
DA:2,1
DA:3,6
DA:4,6
DA:5,6
DA:6,1
DA:7,1
DA:8,4
DA:9,4
DA:10,1
DA:11,1
DA:12,5
DA:13,5
DA:14,5
DA:15,5
DA:16,5
DA:17,5
DA:18,5
DA:19,1
DA:20,1
DA:21,3
DA:22,2
DA:23,2
DA:24,1
DA:25,1
DA:26,1
DA:27,1
DA:28,1
DA:29,1
DA:30,1
DA:31,1
DA:32,0
DA:33,0
DA:34,1
DA:35,1
DA:36,1
DA:37,1
DA:38,1
LF:38
LH:36
BRDA:2,0,0,6
BRDA:7,1,0,4
BRDA:11,2,0,5
BRDA:20,3,0,3
BRDA:21,4,0,2
BRDA:23,5,0,1
BRDA:30,6,0,1
BRDA:31,7,0,0
BRF:8
BRH:7
end_of_record
